<?xml version="1.0" encoding="UTF-8" ?>
<testsuite skipped="1" tests="4" failures="0" errors="0" name="test.JobModelTest" time="0.931">
  <properties>
    <property value="IBM Corporation" name="java.vendor"/>
    <property value="/home/hendrix/.m2/repository" name="localRepository"/>
    <property value="SUN_STANDARD" name="sun.java.launcher"/>
    <property value="Linux" name="os.name"/>
    <property value="/usr/lib/j2sdk1.6-ibm/jre/lib/vm.jar:/usr/lib/j2sdk1.6-ibm/jre/lib/annotation.jar:/usr/lib/j2sdk1.6-ibm/jre/lib/beans.jar:/usr/lib/j2sdk1.6-ibm/jre/lib/java.util.jar:/usr/lib/j2sdk1.6-ibm/jre/lib/jndi.jar:/usr/lib/j2sdk1.6-ibm/jre/lib/logging.jar:/usr/lib/j2sdk1.6-ibm/jre/lib/security.jar:/usr/lib/j2sdk1.6-ibm/jre/lib/sql.jar:/usr/lib/j2sdk1.6-ibm/jre/lib/ibmorb.jar:/usr/lib/j2sdk1.6-ibm/jre/lib/ibmorbapi.jar:/usr/lib/j2sdk1.6-ibm/jre/lib/ibmcfw.jar:/usr/lib/j2sdk1.6-ibm/jre/lib/rt.jar:/usr/lib/j2sdk1.6-ibm/jre/lib/charsets.jar:/usr/lib/j2sdk1.6-ibm/jre/lib/resources.jar:/usr/lib/j2sdk1.6-ibm/jre/lib/ibmpkcs.jar:/usr/lib/j2sdk1.6-ibm/jre/lib/ibmcertpathfw.jar:/usr/lib/j2sdk1.6-ibm/jre/lib/ibmjgssfw.jar:/usr/lib/j2sdk1.6-ibm/jre/lib/ibmjssefw.jar:/usr/lib/j2sdk1.6-ibm/jre/lib/ibmsaslfw.jar:/usr/lib/j2sdk1.6-ibm/jre/lib/ibmjcefw.jar:/usr/lib/j2sdk1.6-ibm/jre/lib/ibmjgssprovider.jar:/usr/lib/j2sdk1.6-ibm/jre/lib/ibmjsseprovider2.jar:/usr/lib/j2sdk1.6-ibm/jre/lib/ibmcertpathprovider.jar:/usr/lib/j2sdk1.6-ibm/jre/lib/ibmxmlcrypto.jar:/usr/lib/j2sdk1.6-ibm/jre/lib/management-agent.jar:/usr/lib/j2sdk1.6-ibm/jre/lib/xml.jar:/usr/lib/j2sdk1.6-ibm/jre/lib/jlm.jar:/usr/lib/j2sdk1.6-ibm/jre/lib/javascript.jar" name="sun.boot.class.path"/>
    <property value="gnome" name="sun.desktop"/>
    <property value="" name="sun.java2d.fontpath"/>
    <property value="Sun Microsystems Inc." name="java.vm.specification.vendor"/>
    <property value="pxi3260sr10fp1-20120321_01 (SR10 FP1)" name="java.runtime.version"/>
    <property value="hendrix" name="user.name"/>
    <property value="j9jit24" name="java.compiler"/>
    <property value="UTF-8" name="os.encoding"/>
    <property value="" name="com.ibm.util.extralibs.properties"/>
    <property value="" name="com.ibm.jcl.checkClassPath"/>
    <property value="en" name="user.language"/>
    <property value="/usr/lib/j2sdk1.6-ibm/jre/lib/i386" name="com.ibm.oti.vm.bootstrap.library.path"/>
    <property value="/usr/lib/j2sdk1.6-ibm/jre/lib/i386" name="sun.boot.library.path"/>
    <property value="1.6.0" name="java.version"/>
    <property value="" name="user.timezone"/>
    <property value="32" name="sun.arch.data.model"/>
    <property value="1" name="com.ibm.zero.version"/>
    <property value="/usr/lib/j2sdk1.6-ibm/jre/lib/endorsed" name="java.endorsed.dirs"/>
    <property value="24" name="com.ibm.oti.vm.library.version"/>
    <property value="UTF-8" name="sun.jnu.encoding"/>
    <property value="15" name="jxe.current.romimage.version"/>
    <property value="/" name="file.separator"/>
    <property value="Java Platform API Specification" name="java.specification.name"/>
    <property value="50.0" name="java.class.version"/>
    <property value="US" name="user.country"/>
    <property value="/usr/lib/j2sdk1.6-ibm/jre" name="java.home"/>
    <property value="JRE 1.6.0 IBM J9 2.4 Linux x86-32 jvmxi3260sr10fp1-20120202_101568 (JIT enabled, AOT enabled)
J9VM - 20120202_101568
JIT  - r9_20111107_21307ifx1
GC   - 20120202_AA" name="java.vm.info"/>
    <property value="3.0.0-23-generic-pae" name="os.version"/>
    <property value="/tmp/surefirebooter1053941928703624353.jar" name="surefire.real.class.path"/>
    <property value="" name="java.awt.fonts"/>
    <property value=":" name="path.separator"/>
    <property value="2.4" name="java.vm.version"/>
    <property value="java.util.prefs.FileSystemPreferencesFactory" name="java.util.prefs.PreferencesFactory"/>
    <property value="" name="user.variant"/>
    <property value="sun.print.PSPrinterJob" name="java.awt.printerjob"/>
    <property value="UnicodeLittle" name="sun.io.unicode.encoding"/>
    <property value="true" name="ibm.signalhandling.sigint"/>
    <property value="ON" name="java.assistive"/>
    <property value="/home/hendrix" name="user.home"/>
    <property value="little" name="com.ibm.cpu.endian"/>
    <property value="Sun Microsystems Inc." name="java.specification.vendor"/>
    <property value="true" name="ibm.signalhandling.sigchain"/>
    <property value="/usr/lib/j2sdk1.6-ibm/jre/lib/i386:/usr/lib/firefox:/home/hendrix/das/lib:/usr/lib" name="java.library.path"/>
    <property value="http://www.ibm.com/" name="java.vendor.url"/>
    <property value="IBM Corporation" name="java.vm.vendor"/>
    <property value="JRE 1.6.0 IBM J9 2.4 Linux x86-32 jvmxi3260sr10fp1-20120202_101568 (JIT enabled, AOT enabled)
J9VM - 20120202_101568
JIT  - r9_20111107_21307ifx1
GC   - 20120202_AA" name="java.fullversion"/>
    <property value="Java(TM) SE Runtime Environment" name="java.runtime.name"/>
    <property value="/tmp/surefirebooter1053941928703624353.jar /tmp/surefire8152302902715162425tmp /tmp/surefire6562973190267386443tmp" name="sun.java.command"/>
    <property value="/home/hendrix/workspace/git-jsr352/JSR352.JobXML.Model/target/test-classes:/home/hendrix/workspace/git-jsr352/JSR352.JobXML.Model/target/classes:/home/hendrix/.m2/repository/junit/junit/4.10/junit-4.10.jar:/home/hendrix/.m2/repository/org/hamcrest/hamcrest-core/1.1/hamcrest-core-1.1.jar:" name="java.class.path"/>
    <property value="Java Virtual Machine Specification" name="java.vm.specification.name"/>
    <property value="3575" name="sun.java.launcher.pid"/>
    <property value="1.0" name="java.vm.specification.version"/>
    <property value="little" name="sun.cpu.endian"/>
    <property value="/home/hendrix/workspace/git-jsr352/JSR352.JobXML.Model/target/test-classes:/home/hendrix/workspace/git-jsr352/JSR352.JobXML.Model/target/classes:/home/hendrix/.m2/repository/junit/junit/4.10/junit-4.10.jar:/home/hendrix/.m2/repository/org/hamcrest/hamcrest-core/1.1/hamcrest-core-1.1.jar:" name="surefire.test.class.path"/>
    <property value="/tmp" name="java.io.tmpdir"/>
    <property value="20120320_01" name="java.jcl.version"/>
    <property value="UTF-8" name="ibm.system.encoding"/>
    <property value="x86" name="os.arch"/>
    <property value="sun.awt.X11GraphicsEnvironment" name="java.awt.graphicsenv"/>
    <property value="false" name="ibm.signalhandling.rs"/>
    <property value="/usr/lib/j2sdk1.6-ibm/jre/lib/ext" name="java.ext.dirs"/>
    <property value="/home/hendrix/workspace/git-jsr352/JSR352.JobXML.Model" name="user.dir"/>
    <property value="
" name="line.separator"/>
    <property value="IBM J9 VM" name="java.vm.name"/>
    <property value="false" name="com.ibm.oti.shared.enabled"/>
    <property value="32" name="com.ibm.vm.bitmode"/>
    <property value="/home/hendrix/workspace/git-jsr352/JSR352.JobXML.Model" name="basedir"/>
    <property value="15" name="jxe.lowest.romimage.version"/>
    <property value="UTF-8" name="file.encoding"/>
    <property value="scar" name="com.ibm.oti.configuration"/>
    <property value="1.6" name="java.specification.version"/>
    <property value="20111101_1053" name="com.ibm.oti.jcl.build"/>
  </properties>
  <testcase classname="test.JobModelTest" name="testModelNoValidate" time="0.451"/>
  <testcase classname="test.JobModelTest" name="testModelValidate" time="0.276"/>
  <testcase classname="test.JobModelTest" name="testValidateInvalid" time="0.174"/>
  <testcase classname="test.JobModelTest" name="testValidateInvalidEmptyString" time="0.175">
    <skipped/>
  </testcase>
</testsuite>